Removed Pin From Net: NetName=GND Pin=C6-1
Removed Pin From Net: NetName=GND Pin=C7-1
Removed Pin From Net: NetName=GND Pin=C8-1
Removed Pin From Net: NetName=Out1 Pin=D1-2
Removed Pin From Net: NetName=Out3 Pin=Q5-1
Removed Pin From Net: NetName=GND Pin=R12-1
Removed Pin From Net: NetName=Out1 Pin=R12-2
Removed Pin From Net: NetName=GND Pin=R13-2
Removed Pin From Net: NetName=6V Pin=R18-2
Removed Pin From Net: NetName=Out2 Pin=U3-1
Removed Pin From Net: NetName=NetU3_9 Pin=U3-12
Removed Pin From Net: NetName=GND Pin=U5-1
Removed Pin From Net: NetName=6V Pin=U5-4
Removed Pin From Net: NetName=6V Pin=U5-8
Removed Pin From Net: NetName=6V Pin=VR1-1
Removed Pin From Net: NetName=GND Pin=VR1-3
Removed Pin From Net: NetName=6V Pin=VR2-1
Removed Pin From Net: NetName=GND Pin=VR2-3
Removed Member From Class: ClassName=Sheet1 Member=C6
Removed Member From Class: ClassName=Sheet1 Member=C7
Removed Member From Class: ClassName=Sheet1 Member=C8
Removed Member From Class: ClassName=Sheet1 Member=D1
Removed Member From Class: ClassName=Sheet1 Member=D2
Removed Member From Class: ClassName=Sheet1 Member=Q3
Removed Member From Class: ClassName=Sheet1 Member=Q5
Removed Member From Class: ClassName=Sheet1 Member=R9
Removed Member From Class: ClassName=Sheet1 Member=R10
Removed Member From Class: ClassName=Sheet1 Member=R11
Removed Member From Class: ClassName=Sheet1 Member=R12
Removed Member From Class: ClassName=Sheet1 Member=R13
Removed Member From Class: ClassName=Sheet1 Member=R17
Removed Member From Class: ClassName=Sheet1 Member=R18
Removed Member From Class: ClassName=Sheet1 Member=R22
Removed Member From Class: ClassName=Sheet1 Member=U5
Removed Member From Class: ClassName=Sheet1 Member=VR1
Removed Member From Class: ClassName=Sheet1 Member=VR2
Added Pin To Net: NetName=Out3 Pin=Q4-1
