Removed Pin From Net: NetName=NetC6_1 Pin=C6-1
Removed Pin From Net: NetName=GND Pin=C6-2
Removed Pin From Net: NetName=GND Pin=C7-2
Removed Pin From Net: NetName=NetC8_1 Pin=C8-1
Removed Pin From Net: NetName=GND Pin=C8-2
Removed Pin From Net: NetName=NetC9_1 Pin=C9-1
Removed Pin From Net: NetName=GND Pin=C9-2
Change Component Footprint: Designator=C6 Old Footprint=FP-VY1472M63Y5UQ6TV0-MFG New Footprint=RAD-0.3
Change Component Footprint: Designator=C7 Old Footprint=FP-VY1472M63Y5UQ6TV0-MFG New Footprint=RAD-0.3
Change Component Footprint: Designator=C8 Old Footprint=FP-VY1472M63Y5UQ6TV0-MFG New Footprint=RAD-0.3
Change Component Footprint: Designator=C9 Old Footprint=FP-VY1472M63Y5UQ6TV0-MFG New Footprint=RAD-0.3
Change Component Comment : Designator=C6 Old Comment=VY1472M63Y5UQ6TV0 New Comment=Cap
Change Component Comment : Designator=C7 Old Comment=VY1472M63Y5UQ6TV0 New Comment=Cap
Change Component Comment : Designator=C8 Old Comment=VY1472M63Y5UQ6TV0 New Comment=Cap
Change Component Comment : Designator=C9 Old Comment=VY1472M63Y5UQ6TV0 New Comment=Cap
Change Managed Component Library Link : Designator=C6 Old VaultGUID=B7D15EC3-160A-466F-A46C-7801FE6295A7 New VaultGUID= Old ItemGUID=7E591D3B-965B-4A73-BDD7-AC5915078084 New ItemGUID= Old RevisionGUID=C18E2B89-5B2F-4648-B59D-4A3BC9CDC799 New RevisionGUID=
Change Managed Component Library Link : Designator=C7 Old VaultGUID=B7D15EC3-160A-466F-A46C-7801FE6295A7 New VaultGUID= Old ItemGUID=7E591D3B-965B-4A73-BDD7-AC5915078084 New ItemGUID= Old RevisionGUID=C18E2B89-5B2F-4648-B59D-4A3BC9CDC799 New RevisionGUID=
Change Managed Component Library Link : Designator=C8 Old VaultGUID=B7D15EC3-160A-466F-A46C-7801FE6295A7 New VaultGUID= Old ItemGUID=7E591D3B-965B-4A73-BDD7-AC5915078084 New ItemGUID= Old RevisionGUID=C18E2B89-5B2F-4648-B59D-4A3BC9CDC799 New RevisionGUID=
Change Managed Component Library Link : Designator=C9 Old VaultGUID=B7D15EC3-160A-466F-A46C-7801FE6295A7 New VaultGUID= Old ItemGUID=7E591D3B-965B-4A73-BDD7-AC5915078084 New ItemGUID= Old RevisionGUID=C18E2B89-5B2F-4648-B59D-4A3BC9CDC799 New RevisionGUID=
Change component parameters: Designator = "C6" ("C6"); Footprint = "FP-VY1472M63Y5UQ6TV0-MFG"; UniqueID = "\YYOMIQCP" ("\YYOMIQCP")
Change component parameters (AddParameter): Name = "LatestRevisionDate"; Value = "17-Jul-2002"; VariantName = "[No Variations]"
Change component parameters (AddParameter): Name = "LatestRevisionNote"; Value = "Re-released for DXP Platform."; VariantName = "[No Variations]"
Change component parameters (AddParameter): Name = "PackageDescription"; Value = "Radial Cap, Thru-Hole; 2 Leads; 0.3 in Pin Spacing"; VariantName = "[No Variations]"
Change component parameters (AddParameter): Name = "PackageReference"; Value = "RAD-0.3"; VariantName = "[No Variations]"
Change component parameters (AddParameter): Name = "Published"; Value = "8-Jun-2000"; VariantName = "[No Variations]"
Change component parameters (AddParameter): Name = "Publisher"; Value = "Altium Limited"; VariantName = "[No Variations]"
Change component parameters (AddParameter): Name = "Value"; Value = "100pF"; VariantName = "[No Variations]"
Change component parameters: Designator = "C7" ("C7"); Footprint = "FP-VY1472M63Y5UQ6TV0-MFG"; UniqueID = "\CKICILKR" ("\CKICILKR")
Change component parameters (AddParameter): Name = "LatestRevisionDate"; Value = "17-Jul-2002"; VariantName = "[No Variations]"
Change component parameters (AddParameter): Name = "LatestRevisionNote"; Value = "Re-released for DXP Platform."; VariantName = "[No Variations]"
Change component parameters (AddParameter): Name = "PackageDescription"; Value = "Radial Cap, Thru-Hole; 2 Leads; 0.3 in Pin Spacing"; VariantName = "[No Variations]"
Change component parameters (AddParameter): Name = "PackageReference"; Value = "RAD-0.3"; VariantName = "[No Variations]"
Change component parameters (AddParameter): Name = "Published"; Value = "8-Jun-2000"; VariantName = "[No Variations]"
Change component parameters (AddParameter): Name = "Publisher"; Value = "Altium Limited"; VariantName = "[No Variations]"
Change component parameters (AddParameter): Name = "Value"; Value = "100pF"; VariantName = "[No Variations]"
Change component parameters: Designator = "C8" ("C8"); Footprint = "FP-VY1472M63Y5UQ6TV0-MFG"; UniqueID = "\VWAYRNEY" ("\VWAYRNEY")
Change component parameters (AddParameter): Name = "LatestRevisionDate"; Value = "17-Jul-2002"; VariantName = "[No Variations]"
Change component parameters (AddParameter): Name = "LatestRevisionNote"; Value = "Re-released for DXP Platform."; VariantName = "[No Variations]"
Change component parameters (AddParameter): Name = "PackageDescription"; Value = "Radial Cap, Thru-Hole; 2 Leads; 0.3 in Pin Spacing"; VariantName = "[No Variations]"
Change component parameters (AddParameter): Name = "PackageReference"; Value = "RAD-0.3"; VariantName = "[No Variations]"
Change component parameters (AddParameter): Name = "Published"; Value = "8-Jun-2000"; VariantName = "[No Variations]"
Change component parameters (AddParameter): Name = "Publisher"; Value = "Altium Limited"; VariantName = "[No Variations]"
Change component parameters (AddParameter): Name = "Value"; Value = "100pF"; VariantName = "[No Variations]"
Change component parameters: Designator = "C9" ("C9"); Footprint = "FP-VY1472M63Y5UQ6TV0-MFG"; UniqueID = "\CEXQCHEC" ("\CEXQCHEC")
Change component parameters (AddParameter): Name = "LatestRevisionDate"; Value = "17-Jul-2002"; VariantName = "[No Variations]"
Change component parameters (AddParameter): Name = "LatestRevisionNote"; Value = "Re-released for DXP Platform."; VariantName = "[No Variations]"
Change component parameters (AddParameter): Name = "PackageDescription"; Value = "Radial Cap, Thru-Hole; 2 Leads; 0.3 in Pin Spacing"; VariantName = "[No Variations]"
Change component parameters (AddParameter): Name = "PackageReference"; Value = "RAD-0.3"; VariantName = "[No Variations]"
Change component parameters (AddParameter): Name = "Published"; Value = "8-Jun-2000"; VariantName = "[No Variations]"
Change component parameters (AddParameter): Name = "Publisher"; Value = "Altium Limited"; VariantName = "[No Variations]"
Change component parameters (AddParameter): Name = "Value"; Value = "100pF"; VariantName = "[No Variations]"
Added Pin To Net: NetName=GND Pin=C6-1
Added Pin To Net: NetName=NetC8_1 Pin=C6-2
Added Pin To Net: NetName=GND Pin=C7-1
Added Pin To Net: NetName=GND Pin=C8-1
Added Pin To Net: NetName=NetC6_1 Pin=C8-2
Added Pin To Net: NetName=GND Pin=C9-1
Added Pin To Net: NetName=NetC9_1 Pin=C9-2
Change Net Name : Old Net Name=NetC6_1 New Net Name=NetC8_2
Change Net Name : Old Net Name=NetC8_1 New Net Name=NetC6_2
Change Net Name : Old Net Name=NetC9_1 New Net Name=NetC9_2
Added Pin To Net: NetName=NetC7_2 Pin=C7-2
Added Pin To Net: NetName=NetC7_2 Pin=U5-5
Added Net: Name=NetC7_2
